<?xml version="1.0" encoding="UTF-8"?>
<testsuite name="FruitsTest" tests="1" skipped="0" failures="0" errors="0" timestamp="2022-03-16T08:50:31" hostname="Manjunaths-MacBook-Pro.local" time="0.002">
  <properties/>
  <testcase name="getAllFruitsByType" classname="FruitsTest" time="0.002"/>
  <system-out><![CDATA[]]></system-out>
  <system-err><![CDATA[]]></system-err>
</testsuite>
