<?xml version="1.0" encoding="UTF-8"?>
<testsuite name="FruitsTest" tests="1" skipped="0" failures="0" errors="0" timestamp="2022-03-16T09:00:18" hostname="Manjunaths-MacBook-Pro.local" time="0.003">
  <properties/>
  <testcase name="getAllFruitsByColor" classname="FruitsTest" time="0.003"/>
  <system-out><![CDATA[]]></system-out>
  <system-err><![CDATA[]]></system-err>
</testsuite>
